<?xml version="1.0" encoding="UTF-8"?>
<!-- Generated by org.testng.reporters.JUnitReportReporter -->
<testsuite hostname="LAPTOP-0FSG5U65" failures="0" tests="1" name="TestRunner.Run" time="6.832" errors="0" timestamp="2025-03-24T09:07:27 IST" skipped="0">
  <testcase classname="TestRunner.Run" name="runScenario" time="6.832"/>
</testsuite> <!-- TestRunner.Run -->
